# JRE version: Java(TM) SE Runtime Environment (8.0_202-b08) (build 1.8.0_202-b08)
# Java VM: Java HotSpot(TM) 64-Bit Server VM (25.202-b08 mixed mode bsd-amd64 compressed oops)
Heap:
 PSYoungGen      total 232960K, used 168699K [0x0000000795580000, 0x00000007ab400000, 0x00000007c0000000)
  eden space 194048K, 86% used [0x0000000795580000,0x000000079fa36c78,0x00000007a1300000)
  from space 38912K, 0% used [0x00000007a1300000,0x00000007a1308000,0x00000007a3900000)
  to   space 37888K, 0% used [0x00000007a8f00000,0x00000007a8f00000,0x00000007ab400000)
 ParOldGen       total 145408K, used 73352K [0x0000000740000000, 0x0000000748e00000, 0x0000000795580000)
  object space 145408K, 50% used [0x0000000740000000,0x00000007447a23a0,0x0000000748e00000)
 Metaspace       used 16056K, capacity 16808K, committed 17024K, reserved 1064960K
  class space    used 2180K, capacity 2389K, committed 2432K, reserved 1048576K
GC Heap History (10 events):
Event: 4.912 GC heap before
{Heap before GC invocations=6 (full 1):
 PSYoungGen      total 71680K, used 66560K [0x0000000795580000, 0x000000079a080000, 0x00000007c0000000)
  eden space 66560K, 100% used [0x0000000795580000,0x0000000799680000,0x0000000799680000)
  from space 5120K, 0% used [0x0000000799b80000,0x0000000799b80000,0x000000079a080000)
  to   space 5120K, 0% used [0x0000000799680000,0x0000000799680000,0x0000000799b80000)
 ParOldGen       total 145408K, used 73344K [0x0000000740000000, 0x0000000748e00000, 0x0000000795580000)
  object space 145408K, 50% used [0x0000000740000000,0x00000007447a03a0,0x0000000748e00000)
 Metaspace       used 15889K, capacity 16592K, committed 16768K, reserved 1062912K
  class space    used 2178K, capacity 2389K, committed 2432K, reserved 1048576K
Event: 4.924 GC heap after
Heap after GC invocations=6 (full 1):
 PSYoungGen      total 71680K, used 64K [0x0000000795580000, 0x00000007a1a80000, 0x00000007c0000000)
  eden space 66560K, 0% used [0x0000000795580000,0x0000000795580000,0x0000000799680000)
  from space 5120K, 1% used [0x0000000799680000,0x0000000799690000,0x0000000799b80000)
  to   space 41984K, 0% used [0x000000079f180000,0x000000079f180000,0x00000007a1a80000)
 ParOldGen       total 145408K, used 73344K [0x0000000740000000, 0x0000000748e00000, 0x0000000795580000)
  object space 145408K, 50% used [0x0000000740000000,0x00000007447a03a0,0x0000000748e00000)
 Metaspace       used 15889K, capacity 16592K, committed 16768K, reserved 1062912K
  class space    used 2178K, capacity 2389K, committed 2432K, reserved 1048576K
}
Event: 5.065 GC heap before
{Heap before GC invocations=7 (full 1):
 PSYoungGen      total 71680K, used 66624K [0x0000000795580000, 0x00000007a1a80000, 0x00000007c0000000)
  eden space 66560K, 100% used [0x0000000795580000,0x0000000799680000,0x0000000799680000)
  from space 5120K, 1% used [0x0000000799680000,0x0000000799690000,0x0000000799b80000)
  to   space 41984K, 0% used [0x000000079f180000,0x000000079f180000,0x00000007a1a80000)
 ParOldGen       total 145408K, used 73344K [0x0000000740000000, 0x0000000748e00000, 0x0000000795580000)
  object space 145408K, 50% used [0x0000000740000000,0x00000007447a03a0,0x0000000748e00000)
 Metaspace       used 15889K, capacity 16592K, committed 16768K, reserved 1062912K
  class space    used 2178K, capacity 2389K, committed 2432K, reserved 1048576K
Event: 5.066 GC heap after
Heap after GC invocations=7 (full 1):
 PSYoungGen      total 153600K, used 96K [0x0000000795580000, 0x00000007a1700000, 0x00000007c0000000)
  eden space 115200K, 0% used [0x0000000795580000,0x0000000795580000,0x000000079c600000)
  from space 38400K, 0% used [0x000000079f180000,0x000000079f198000,0x00000007a1700000)
  to   space 41472K, 0% used [0x000000079c600000,0x000000079c600000,0x000000079ee80000)
 ParOldGen       total 145408K, used 73344K [0x0000000740000000, 0x0000000748e00000, 0x0000000795580000)
  object space 145408K, 50% used [0x0000000740000000,0x00000007447a03a0,0x0000000748e00000)
 Metaspace       used 15889K, capacity 16592K, committed 16768K, reserved 1062912K
  class space    used 2178K, capacity 2389K, committed 2432K, reserved 1048576K
}
Event: 5.381 GC heap before
{Heap before GC invocations=8 (full 1):
 PSYoungGen      total 153600K, used 115296K [0x0000000795580000, 0x00000007a1700000, 0x00000007c0000000)
  eden space 115200K, 100% used [0x0000000795580000,0x000000079c600000,0x000000079c600000)
  from space 38400K, 0% used [0x000000079f180000,0x000000079f198000,0x00000007a1700000)
  to   space 41472K, 0% used [0x000000079c600000,0x000000079c600000,0x000000079ee80000)
 ParOldGen       total 145408K, used 73344K [0x0000000740000000, 0x0000000748e00000, 0x0000000795580000)
  object space 145408K, 50% used [0x0000000740000000,0x00000007447a03a0,0x0000000748e00000)
 Metaspace       used 15891K, capacity 16592K, committed 16768K, reserved 1062912K
  class space    used 2178K, capacity 2389K, committed 2432K, reserved 1048576K
Event: 5.382 GC heap after
Heap after GC invocations=8 (full 1):
 PSYoungGen      total 156672K, used 64K [0x0000000795580000, 0x00000007a6080000, 0x00000007c0000000)
  eden space 115200K, 0% used [0x0000000795580000,0x0000000795580000,0x000000079c600000)
  from space 41472K, 0% used [0x000000079c600000,0x000000079c610000,0x000000079ee80000)
  to   space 40448K, 0% used [0x00000007a3900000,0x00000007a3900000,0x00000007a6080000)
 ParOldGen       total 145408K, used 73344K [0x0000000740000000, 0x0000000748e00000, 0x0000000795580000)
  object space 145408K, 50% used [0x0000000740000000,0x00000007447a03a0,0x0000000748e00000)
 Metaspace       used 15891K, capacity 16592K, committed 16768K, reserved 1062912K
  class space    used 2178K, capacity 2389K, committed 2432K, reserved 1048576K
}
Event: 5.552 GC heap before
{Heap before GC invocations=9 (full 1):
 PSYoungGen      total 156672K, used 115264K [0x0000000795580000, 0x00000007a6080000, 0x00000007c0000000)
  eden space 115200K, 100% used [0x0000000795580000,0x000000079c600000,0x000000079c600000)
  from space 41472K, 0% used [0x000000079c600000,0x000000079c610000,0x000000079ee80000)
  to   space 40448K, 0% used [0x00000007a3900000,0x00000007a3900000,0x00000007a6080000)
 ParOldGen       total 145408K, used 73344K [0x0000000740000000, 0x0000000748e00000, 0x0000000795580000)
  object space 145408K, 50% used [0x0000000740000000,0x00000007447a03a0,0x0000000748e00000)
 Metaspace       used 15891K, capacity 16592K, committed 16768K, reserved 1062912K
  class space    used 2178K, capacity 2389K, committed 2432K, reserved 1048576K
Event: 5.563 GC heap after
Heap after GC invocations=9 (full 1):
 PSYoungGen      total 234496K, used 96K [0x0000000795580000, 0x00000007a6400000, 0x00000007c0000000)
  eden space 194048K, 0% used [0x0000000795580000,0x0000000795580000,0x00000007a1300000)
  from space 40448K, 0% used [0x00000007a3900000,0x00000007a3918000,0x00000007a6080000)
  to   space 38912K, 0% used [0x00000007a1300000,0x00000007a1300000,0x00000007a3900000)
 ParOldGen       total 145408K, used 73344K [0x0000000740000000, 0x0000000748e00000, 0x0000000795580000)
  object space 145408K, 50% used [0x0000000740000000,0x00000007447a03a0,0x0000000748e00000)
 Metaspace       used 15891K, capacity 16592K, committed 16768K, reserved 1062912K
  class space    used 2178K, capacity 2389K, committed 2432K, reserved 1048576K
}
Event: 5.843 GC heap before
{Heap before GC invocations=10 (full 1):
 PSYoungGen      total 234496K, used 194144K [0x0000000795580000, 0x00000007a6400000, 0x00000007c0000000)
  eden space 194048K, 100% used [0x0000000795580000,0x00000007a1300000,0x00000007a1300000)
  from space 40448K, 0% used [0x00000007a3900000,0x00000007a3918000,0x00000007a6080000)
  to   space 38912K, 0% used [0x00000007a1300000,0x00000007a1300000,0x00000007a3900000)
 ParOldGen       total 145408K, used 73344K [0x0000000740000000, 0x0000000748e00000, 0x0000000795580000)
  object space 145408K, 50% used [0x0000000740000000,0x00000007447a03a0,0x0000000748e00000)
 Metaspace       used 15891K, capacity 16592K, committed 16768K, reserved 1062912K
  class space    used 2178K, capacity 2389K, committed 2432K, reserved 1048576K
Event: 5.861 GC heap after
Heap after GC invocations=10 (full 1):
 PSYoungGen      total 232960K, used 32K [0x0000000795580000, 0x00000007ab400000, 0x00000007c0000000)
  eden space 194048K, 0% used [0x0000000795580000,0x0000000795580000,0x00000007a1300000)
  from space 38912K, 0% used [0x00000007a1300000,0x00000007a1308000,0x00000007a3900000)
  to   space 37888K, 0% used [0x00000007a8f00000,0x00000007a8f00000,0x00000007ab400000)
 ParOldGen       total 145408K, used 73352K [0x0000000740000000, 0x0000000748e00000, 0x0000000795580000)
  object space 145408K, 50% used [0x0000000740000000,0x00000007447a23a0,0x0000000748e00000)
 Metaspace       used 15891K, capacity 16592K, committed 16768K, reserved 1062912K
  class space    used 2178K, capacity 2389K, committed 2432K, reserved 1048576K
}

