# JRE version: Java(TM) SE Runtime Environment (8.0_202-b08) (build 1.8.0_202-b08)
# Java VM: Java HotSpot(TM) 64-Bit Server VM (25.202-b08 mixed mode bsd-amd64 compressed oops)
Heap:
 PSYoungGen      total 37888K, used 4830K [0x0000000795580000, 0x000000079a980000, 0x00000007c0000000)
  eden space 32768K, 3% used [0x0000000795580000,0x000000079567c268,0x0000000797580000)
  from space 5120K, 74% used [0x0000000797600000,0x00000007979bb8c0,0x0000000797b00000)
  to   space 26624K, 0% used [0x0000000798f80000,0x0000000798f80000,0x000000079a980000)
 ParOldGen       total 93184K, used 60690K [0x0000000740000000, 0x0000000745b00000, 0x0000000795580000)
  object space 93184K, 65% used [0x0000000740000000,0x0000000743b44bc0,0x0000000745b00000)
 Metaspace       used 21400K, capacity 22450K, committed 22656K, reserved 1069056K
  class space    used 2917K, capacity 3164K, committed 3200K, reserved 1048576K
GC Heap History (10 events):
Event: 14.506 GC heap before
{Heap before GC invocations=2 (full 0):
 PSYoungGen      total 38400K, used 36072K [0x0000000795580000, 0x0000000798000000, 0x00000007c0000000)
  eden space 33280K, 100% used [0x0000000795580000,0x0000000797600000,0x0000000797600000)
  from space 5120K, 54% used [0x0000000797600000,0x00000007978ba050,0x0000000797b00000)
  to   space 5120K, 0% used [0x0000000797b00000,0x0000000797b00000,0x0000000798000000)
 ParOldGen       total 87552K, used 9808K [0x0000000740000000, 0x0000000745580000, 0x0000000795580000)
  object space 87552K, 11% used [0x0000000740000000,0x0000000740994040,0x0000000745580000)
 Metaspace       used 15801K, capacity 16484K, committed 16768K, reserved 1062912K
  class space    used 2186K, capacity 2380K, committed 2432K, reserved 1048576K
Event: 14.532 GC heap after
Heap after GC invocations=2 (full 0):
 PSYoungGen      total 38400K, used 5097K [0x0000000795580000, 0x0000000798000000, 0x00000007c0000000)
  eden space 33280K, 0% used [0x0000000795580000,0x0000000795580000,0x0000000797600000)
  from space 5120K, 99% used [0x0000000797b00000,0x0000000797ffa478,0x0000000798000000)
  to   space 5120K, 0% used [0x0000000797600000,0x0000000797600000,0x0000000797b00000)
 ParOldGen       total 87552K, used 23722K [0x0000000740000000, 0x0000000745580000, 0x0000000795580000)
  object space 87552K, 27% used [0x0000000740000000,0x000000074172ab20,0x0000000745580000)
 Metaspace       used 15801K, capacity 16484K, committed 16768K, reserved 1062912K
  class space    used 2186K, capacity 2380K, committed 2432K, reserved 1048576K
}
Event: 20.382 GC heap before
{Heap before GC invocations=3 (full 0):
 PSYoungGen      total 38400K, used 33989K [0x0000000795580000, 0x0000000798000000, 0x00000007c0000000)
  eden space 33280K, 86% used [0x0000000795580000,0x00000007971b7128,0x0000000797600000)
  from space 5120K, 99% used [0x0000000797b00000,0x0000000797ffa478,0x0000000798000000)
  to   space 5120K, 0% used [0x0000000797600000,0x0000000797600000,0x0000000797b00000)
 ParOldGen       total 87552K, used 23722K [0x0000000740000000, 0x0000000745580000, 0x0000000795580000)
  object space 87552K, 27% used [0x0000000740000000,0x000000074172ab20,0x0000000745580000)
 Metaspace       used 20147K, capacity 21180K, committed 21296K, reserved 1067008K
  class space    used 2865K, capacity 3117K, committed 3200K, reserved 1048576K
Event: 20.415 GC heap after
Heap after GC invocations=3 (full 0):
 PSYoungGen      total 38400K, used 5100K [0x0000000795580000, 0x0000000798000000, 0x00000007c0000000)
  eden space 33280K, 0% used [0x0000000795580000,0x0000000795580000,0x0000000797600000)
  from space 5120K, 99% used [0x0000000797600000,0x0000000797afb190,0x0000000797b00000)
  to   space 5120K, 0% used [0x0000000797b00000,0x0000000797b00000,0x0000000798000000)
 ParOldGen       total 87552K, used 38200K [0x0000000740000000, 0x0000000745580000, 0x0000000795580000)
  object space 87552K, 43% used [0x0000000740000000,0x000000074254e038,0x0000000745580000)
 Metaspace       used 20147K, capacity 21180K, committed 21296K, reserved 1067008K
  class space    used 2865K, capacity 3117K, committed 3200K, reserved 1048576K
}
Event: 20.415 GC heap before
{Heap before GC invocations=4 (full 1):
 PSYoungGen      total 38400K, used 5100K [0x0000000795580000, 0x0000000798000000, 0x00000007c0000000)
  eden space 33280K, 0% used [0x0000000795580000,0x0000000795580000,0x0000000797600000)
  from space 5120K, 99% used [0x0000000797600000,0x0000000797afb190,0x0000000797b00000)
  to   space 5120K, 0% used [0x0000000797b00000,0x0000000797b00000,0x0000000798000000)
 ParOldGen       total 87552K, used 38200K [0x0000000740000000, 0x0000000745580000, 0x0000000795580000)
  object space 87552K, 43% used [0x0000000740000000,0x000000074254e038,0x0000000745580000)
 Metaspace       used 20147K, capacity 21180K, committed 21296K, reserved 1067008K
  class space    used 2865K, capacity 3117K, committed 3200K, reserved 1048576K
Event: 20.494 GC heap after
Heap after GC invocations=4 (full 1):
 PSYoungGen      total 38400K, used 0K [0x0000000795580000, 0x0000000798000000, 0x00000007c0000000)
  eden space 33280K, 0% used [0x0000000795580000,0x0000000795580000,0x0000000797600000)
  from space 5120K, 0% used [0x0000000797600000,0x0000000797600000,0x0000000797b00000)
  to   space 5120K, 0% used [0x0000000797b00000,0x0000000797b00000,0x0000000798000000)
 ParOldGen       total 93184K, used 43122K [0x0000000740000000, 0x0000000745b00000, 0x0000000795580000)
  object space 93184K, 46% used [0x0000000740000000,0x0000000742a1c8c0,0x0000000745b00000)
 Metaspace       used 20147K, capacity 21180K, committed 21296K, reserved 1067008K
  class space    used 2865K, capacity 3117K, committed 3200K, reserved 1048576K
}
Event: 146.509 GC heap before
{Heap before GC invocations=5 (full 1):
 PSYoungGen      total 38400K, used 22653K [0x0000000795580000, 0x0000000798000000, 0x00000007c0000000)
  eden space 33280K, 68% used [0x0000000795580000,0x0000000796b9f7f8,0x0000000797600000)
  from space 5120K, 0% used [0x0000000797600000,0x0000000797600000,0x0000000797b00000)
  to   space 5120K, 0% used [0x0000000797b00000,0x0000000797b00000,0x0000000798000000)
 ParOldGen       total 93184K, used 43122K [0x0000000740000000, 0x0000000745b00000, 0x0000000795580000)
  object space 93184K, 46% used [0x0000000740000000,0x0000000742a1c8c0,0x0000000745b00000)
 Metaspace       used 21274K, capacity 22366K, committed 22656K, reserved 1069056K
  class space    used 2914K, capacity 3162K, committed 3200K, reserved 1048576K
Event: 146.534 GC heap after
Heap after GC invocations=5 (full 1):
 PSYoungGen      total 38400K, used 4076K [0x0000000795580000, 0x0000000798000000, 0x00000007c0000000)
  eden space 33280K, 0% used [0x0000000795580000,0x0000000795580000,0x0000000797600000)
  from space 5120K, 79% used [0x0000000797b00000,0x0000000797efb010,0x0000000798000000)
  to   space 5120K, 0% used [0x0000000797600000,0x0000000797600000,0x0000000797b00000)
 ParOldGen       total 93184K, used 47712K [0x0000000740000000, 0x0000000745b00000, 0x0000000795580000)
  object space 93184K, 51% used [0x0000000740000000,0x0000000742e980e0,0x0000000745b00000)
 Metaspace       used 21274K, capacity 22366K, committed 22656K, reserved 1069056K
  class space    used 2914K, capacity 3162K, committed 3200K, reserved 1048576K
}
Event: 991.362 GC heap before
{Heap before GC invocations=6 (full 1):
 PSYoungGen      total 38400K, used 37356K [0x0000000795580000, 0x0000000798000000, 0x00000007c0000000)
  eden space 33280K, 100% used [0x0000000795580000,0x0000000797600000,0x0000000797600000)
  from space 5120K, 79% used [0x0000000797b00000,0x0000000797efb010,0x0000000798000000)
  to   space 5120K, 0% used [0x0000000797600000,0x0000000797600000,0x0000000797b00000)
 ParOldGen       total 93184K, used 47712K [0x0000000740000000, 0x0000000745b00000, 0x0000000795580000)
  object space 93184K, 51% used [0x0000000740000000,0x0000000742e980e0,0x0000000745b00000)
 Metaspace       used 21389K, capacity 22450K, committed 22656K, reserved 1069056K
  class space    used 2917K, capacity 3164K, committed 3200K, reserved 1048576K
Event: 991.586 GC heap after
Heap after GC invocations=6 (full 1):
 PSYoungGen      total 37888K, used 3822K [0x0000000795580000, 0x000000079a980000, 0x00000007c0000000)
  eden space 32768K, 0% used [0x0000000795580000,0x0000000795580000,0x0000000797580000)
  from space 5120K, 74% used [0x0000000797600000,0x00000007979bb8c0,0x0000000797b00000)
  to   space 26624K, 0% used [0x0000000798f80000,0x0000000798f80000,0x000000079a980000)
 ParOldGen       total 93184K, used 60690K [0x0000000740000000, 0x0000000745b00000, 0x0000000795580000)
  object space 93184K, 65% used [0x0000000740000000,0x0000000743b44bc0,0x0000000745b00000)
 Metaspace       used 21389K, capacity 22450K, committed 22656K, reserved 1069056K
  class space    used 2917K, capacity 3164K, committed 3200K, reserved 1048576K
}

